<?xml version="1.0" encoding="UTF-8"?>
<!-- Generated by org.testng.reporters.JUnitReportReporter -->
<testsuite hostname="DESKTOP-B49FCV9" failures="0" tests="1" name="testcases.DemoActionClassTest" time="14.454" errors="0" timestamp="2022-07-28T12:58:12 ICT" skipped="0">
  <testcase classname="testcases.DemoActionClassTest" name="checkPlaceHolder" time="14.454"/>
  <system-out/>
</testsuite> <!-- testcases.DemoActionClassTest -->
