<?xml version="1.0" encoding="UTF-8"?>
<!-- Generated by org.testng.reporters.JUnitReportReporter -->
<testsuite hostname="DESKTOP-B49FCV9" failures="0" tests="1" name="testcases.SignInTestFactory" time="2.917" errors="0" timestamp="2022-07-12T13:12:19 ICT" skipped="0">
  <testcase classname="testcases.SignInTestFactory" name="SignIn" time="2.917"/>
  <system-out/>
</testsuite> <!-- testcases.SignInTestFactory -->
