<?xml version="1.0" encoding="UTF-8"?>
<!-- Generated by org.testng.reporters.JUnitReportReporter -->
<testsuite hostname="DESKTOP-B49FCV9" failures="0" tests="1" name="testcases.SignInTest" time="0.455" errors="0" timestamp="2022-07-12T13:12:19 ICT" skipped="0">
  <testcase classname="testcases.SignInTest" name="signIn" time="0.455"/>
  <system-out/>
</testsuite> <!-- testcases.SignInTest -->
