<?xml version="1.0" encoding="UTF-8"?>
<!-- Generated by org.testng.reporters.JUnitReportReporter -->
<testsuite hostname="DESKTOP-B49FCV9" failures="0" tests="1" name="testcases.DemoCheckboxTest" time="6.619" errors="0" timestamp="2022-08-02T13:33:13 ICT" skipped="0">
  <testcase classname="testcases.DemoCheckboxTest" name="checkboxTest" time="6.619"/>
  <system-out/>
</testsuite> <!-- testcases.DemoCheckboxTest -->
