<?xml version="1.0" encoding="UTF-8"?>
<!-- Generated by org.testng.reporters.JUnitReportReporter -->
<testsuite hostname="DESKTOP-B49FCV9" failures="0" tests="1" name="testcases.DatabaseConnectionTest" time="0.364" errors="0" timestamp="2022-07-13T15:29:47 ICT" skipped="0">
  <testcase classname="testcases.DatabaseConnectionTest" name="showEmployee" time="0.364"/>
  <system-out/>
</testsuite> <!-- testcases.DatabaseConnectionTest -->
