<?xml version="1.0" encoding="UTF-8"?>
<!-- Generated by org.testng.reporters.JUnitReportReporter -->
<testsuite hostname="DESKTOP-B49FCV9" failures="0" tests="1" name="testcases.DemoRobotTest" time="26.431" errors="0" timestamp="2022-07-21T09:33:11 ICT" skipped="0">
  <testcase classname="testcases.DemoRobotTest" name="execution" time="26.431"/>
  <system-out/>
</testsuite> <!-- testcases.DemoRobotTest -->
